C51 COMPILER V9.54   IO                                                                    02/28/2019 18:33:06 PAGE 1   


C51 COMPILER V9.54, COMPILATION OF MODULE IO
OBJECT MODULE PLACED IN .\Output\io.obj
COMPILER INVOKED BY: C:\keil_v5\C51\BIN\C51.EXE lib.c\io.c OPTIMIZE(8,SPEED) BROWSE INCDIR(.\lib.h;.\user\h) DEFINE(USE_
                    -UART1_AS_COMMAND_CONSOLE) DEBUG OBJECTEXTEND PRINT(.\Listings\io.lst) TABS(2) OBJECT(.\Output\io.obj)

line level    source

   1          #include"STC15.h"
   2          #include"io.h"
   3          #include"mt8880.h"
   4          #include"delay.h"
   5          
   6          void io_init(void)
   7          {
   8   1        P2M0 = 0x00;
   9   1        P2M1 = 0x00;
  10   1      
  11   1        P0M0 = 0x14;
  12   1        P0M1 = 0x10;
  13   1      
  14   1        P3M0 = 0x00;
  15   1        P3M1 = 0x00;
  16   1        
  17   1        P4M0 = 0x00;
  18   1        P4M1 = 0x00;
  19   1        
  20   1        P1M0 = 0x40;
  21   1        P1M1 = 0xa0;
  22   1      }
  23          
  24          
  25          void mt8880_ptt_cmd(bit state)
  26          {
  27   1        if(state == 1)
  28   1        {
  29   2          ptt = 0;
  30   2          LED_TX = 0;
  31   2        }
  32   1        else
  33   1        {
  34   2          ptt = 1;
  35   2          LED_TX = 1;
  36   2        }
  37   1      }
  38          
  39          
  40          void hc05_cmd(bit state)
  41          {
  42   1        if(state == 1)
  43   1        {
  44   2          hc05_en = 1;    
  45   2        }
  46   1        else
  47   1        {
  48   2          hc05_en = 0;
  49   2        }
  50   1      }


MODULE INFORMATION:   STATIC OVERLAYABLE
   CODE SIZE        =     48    ----
C51 COMPILER V9.54   IO                                                                    02/28/2019 18:33:06 PAGE 2   

   CONSTANT SIZE    =   ----    ----
   XDATA SIZE       =   ----    ----
   PDATA SIZE       =   ----    ----
   DATA SIZE        =   ----    ----
   IDATA SIZE       =   ----    ----
   BIT SIZE         =   ----       2
END OF MODULE INFORMATION.


C51 COMPILATION COMPLETE.  0 WARNING(S),  0 ERROR(S)
