C51 COMPILER V9.54   UART                                                                  02/28/2019 18:33:06 PAGE 1   


C51 COMPILER V9.54, COMPILATION OF MODULE UART
OBJECT MODULE PLACED IN .\Output\uart.obj
COMPILER INVOKED BY: C:\keil_v5\C51\BIN\C51.EXE lib.c\uart.c OPTIMIZE(8,SPEED) BROWSE INCDIR(.\lib.h;.\user\h) DEFINE(US
                    -E_UART1_AS_COMMAND_CONSOLE) DEBUG OBJECTEXTEND PRINT(.\Listings\uart.lst) TABS(2) OBJECT(.\Output\uart.obj)

line level    source

   1          /*
   2          *  文件名称：uart.c
   3          *  文件作用：串口相关初始化、设置、使用函数在这里
   4          *  文件用法：无
   5          */
   6          
   7          #include"STC15.h"
   8          #include"uart.h"
   9          
  10          
  11          extern volatile unsigned char uart1_rec;
  12          extern volatile unsigned char uart3_rec;
  13          
  14          extern bit uart1_transflag, uart3_transflag ;
  15          
  16          /*
  17          *  函数名称：uart1_init();
  18          *  函数作用：串口1相关初始化函数 使用定时器2 配置
  19          *  函数用法：无
  20          */
  21          void uart1_init(void)   //115200bps@30.000MHz
  22          {
  23   1      #ifndef USE_HARDWARE_SIMULATOR
  24   1        SCON = 0x50;    //8位数据,可变波特率
  25   1        AUXR |= 0x01;   //串口1选择定时器2为波特率发生器
  26   1        AUXR |= 0x04;   //定时器2时钟为Fosc,即1T
  27   1        T2L = 0xBF;   //设定定时初值
  28   1        T2H = 0xFF;   //设定定时初值
  29   1        AUXR |= 0x10;   //启动定时器2 
  30   1        
  31   1        EA = 1;  //开启全局中断
  32   1        ES = 1;  //使能串口1的中断
  33   1      
  34   1      #endif
  35   1      }
  36          
  37          
  38          /*
  39          *  函数名称：uart3_init();
  40          *  函数作用：串口3相关初始化函数 使用定时器2 配置
  41          *  函数用法：无
  42          */
  43          void uart3_init(void) //115200bps@30.000MHz
  44          {
  45   1        S3CON = 0x10;   //8位数据,可变波特率
  46   1        S3CON |= 0x40;    //串口3选择定时器3为波特率发生器
  47   1        T4T3M &= 0xFD;    //定时器3时钟为Fosc/12,即12T
  48   1        T3L = 0xBF;   //设定定时初值
  49   1        T3H = 0xFF;   //设定定时初值
  50   1        T4T3M |= 0x08;    //启动定时器3
  51   1        
  52   1        EA = 1;
  53   1        IE2 |= 0X08; //开启相关中断
  54   1      }
C51 COMPILER V9.54   UART                                                                  02/28/2019 18:33:06 PAGE 2   

  55          
  56          
  57          /*
  58          *  函数名称：uart1_sendbyte();
  59          *  函数作用：串口1数据发送函数，发送一字节的数据
  60          *  函数用法：将待发送数据传递给input
  61          */
  62          void uart1_sendbyte(unsigned char input)
  63          {
  64   1        SBUF = input;
  65   1        while(uart1_transflag == 0);  //等待发送完毕才会执行下一个动作
  66   1        uart1_transflag = 0;
  67   1      }
  68          
  69          
  70          /*
  71          *  函数名称：uart3_sendbyte();
  72          *  函数作用：串口3数据发送函数，发送一字节的数据
  73          *  函数用法：将待发送数据传递给input
  74          */
  75          void uart3_sendbyte(unsigned char input)
  76          {
  77   1        S3BUF = input;
  78   1        while(uart3_transflag == 0);  //等待发送完毕才会执行下一个动作
  79   1        uart3_transflag = 0;
  80   1      }
  81          
  82          
  83          void uart1_sendstring(unsigned char *p)
  84          {
  85   1        while(*p > 0)
  86   1          {
  87   2            uart1_sendbyte(*p);
  88   2            p ++;
  89   2          }
  90   1      }
  91          
  92          
  93          void uart3_sendstring(unsigned char *p)
  94          {
  95   1        while(*p > 0)
  96   1          {
  97   2            uart3_sendbyte(*p);
  98   2            p ++;
  99   2          }
 100   1      }
 101          
 102          


MODULE INFORMATION:   STATIC OVERLAYABLE
   CODE SIZE        =    107    ----
   CONSTANT SIZE    =   ----    ----
   XDATA SIZE       =   ----    ----
   PDATA SIZE       =   ----    ----
   DATA SIZE        =   ----    ----
   IDATA SIZE       =   ----    ----
   BIT SIZE         =   ----    ----
END OF MODULE INFORMATION.


C51 COMPILATION COMPLETE.  0 WARNING(S),  0 ERROR(S)
